<?xml version="1.0" encoding="UTF-8"?>
<testng-results total="1" passed="1" failed="0" skipped="0">
  <reporter-output>
  </reporter-output>
  <suite started-at="2021-01-18T12:29:17Z" name="Default suite" finished-at="2021-01-18T12:30:18Z" duration-ms="61598">
    <groups>
    </groups>
    <test started-at="2021-01-18T12:29:17Z" name="Default test" finished-at="2021-01-18T12:30:18Z" duration-ms="61598">
      <class name="TestCaseExecution.LoginTest">
        <test-method is-config="true" signature="startreport()[pri:0, instance:TestCaseExecution.LoginTest@45d2ade3]" started-at="2021-01-18T07:29:17Z" name="startreport" finished-at="2021-01-18T07:29:17Z" duration-ms="389" status="PASS">
          <reporter-output>
          </reporter-output>
        </test-method> <!-- startreport -->
        <test-method is-config="true" signature="openbrowser()[pri:0, instance:TestCaseExecution.LoginTest@45d2ade3]" started-at="2021-01-18T07:29:17Z" name="openbrowser" finished-at="2021-01-18T07:29:59Z" duration-ms="41604" status="PASS">
          <reporter-output>
          </reporter-output>
        </test-method> <!-- openbrowser -->
        <test-method signature="logintest()[pri:0, instance:TestCaseExecution.LoginTest@45d2ade3]" started-at="2021-01-18T07:29:59Z" name="logintest" finished-at="2021-01-18T07:30:09Z" duration-ms="10246" status="PASS">
          <reporter-output>
          </reporter-output>
        </test-method> <!-- logintest -->
        <test-method is-config="true" signature="getResult(org.testng.ITestResult)[pri:0, instance:TestCaseExecution.LoginTest@45d2ade3]" started-at="2021-01-18T07:30:09Z" name="getResult" finished-at="2021-01-18T07:30:09Z" duration-ms="67" status="PASS">
          <params>
            <param index="0">
              <value>
                <![CDATA[[TestResult name=logintest status=SUCCESS method=LoginTest.logintest()[pri:0, instance:TestCaseExecution.LoginTest@45d2ade3] output={null}]]]>
              </value>
            </param>
          </params>
          <reporter-output>
          </reporter-output>
        </test-method> <!-- getResult -->
        <test-method is-config="true" signature="tearDown()[pri:0, instance:TestCaseExecution.LoginTest@45d2ade3]" started-at="2021-01-18T07:30:09Z" name="tearDown" finished-at="2021-01-18T07:30:18Z" duration-ms="9261" status="PASS">
          <reporter-output>
          </reporter-output>
        </test-method> <!-- tearDown -->
      </class> <!-- TestCaseExecution.LoginTest -->
    </test> <!-- Default test -->
  </suite> <!-- Default suite -->
</testng-results>
