<?xml version="1.0" encoding="UTF-8"?>
<testng-results skipped="0" failed="0" total="1" passed="1">
  <reporter-output>
  </reporter-output>
  <suite name="Default suite" duration-ms="28826" started-at="2021-01-08T12:05:07Z" finished-at="2021-01-08T12:05:36Z">
    <groups>
    </groups>
    <test name="Default test" duration-ms="28826" started-at="2021-01-08T12:05:07Z" finished-at="2021-01-08T12:05:36Z">
      <class name="TestCaseExecution.LoginTest">
        <test-method status="PASS" signature="startreport()[pri:0, instance:TestCaseExecution.LoginTest@6a4f787b]" name="startreport" is-config="true" duration-ms="837" started-at="2021-01-08T07:05:07Z" finished-at="2021-01-08T07:05:08Z">
          <reporter-output>
          </reporter-output>
        </test-method> <!-- startreport -->
        <test-method status="PASS" signature="openbrowser()[pri:0, instance:TestCaseExecution.LoginTest@6a4f787b]" name="openbrowser" is-config="true" duration-ms="16910" started-at="2021-01-08T07:05:08Z" finished-at="2021-01-08T07:05:25Z">
          <reporter-output>
          </reporter-output>
        </test-method> <!-- openbrowser -->
        <test-method status="PASS" signature="logintest()[pri:0, instance:TestCaseExecution.LoginTest@6a4f787b]" name="logintest" duration-ms="7894" started-at="2021-01-08T07:05:25Z" finished-at="2021-01-08T07:05:33Z">
          <reporter-output>
          </reporter-output>
        </test-method> <!-- logintest -->
        <test-method status="PASS" signature="getResult(org.testng.ITestResult)[pri:0, instance:TestCaseExecution.LoginTest@6a4f787b]" name="getResult" is-config="true" duration-ms="25" started-at="2021-01-08T07:05:33Z" finished-at="2021-01-08T07:05:33Z">
          <params>
            <param index="0">
              <value>
                <![CDATA[[TestResult name=logintest status=SUCCESS method=LoginTest.logintest()[pri:0, instance:TestCaseExecution.LoginTest@6a4f787b] output={null}]]]>
              </value>
            </param>
          </params>
          <reporter-output>
          </reporter-output>
        </test-method> <!-- getResult -->
        <test-method status="PASS" signature="tearDown()[pri:0, instance:TestCaseExecution.LoginTest@6a4f787b]" name="tearDown" is-config="true" duration-ms="3145" started-at="2021-01-08T07:05:33Z" finished-at="2021-01-08T07:05:36Z">
          <reporter-output>
          </reporter-output>
        </test-method> <!-- tearDown -->
      </class> <!-- TestCaseExecution.LoginTest -->
    </test> <!-- Default test -->
  </suite> <!-- Default suite -->
</testng-results>
